<?xml version="1.0" encoding="UTF-8"?>
<!-- Generated by org.testng.reporters.JUnitReportReporter -->
<testsuite hostname="Jon-PC" failures="0" tests="1" name="execution.executeTest" time="91.527" errors="0" timestamp="2022-12-11T19:12:16 PST" skipped="0">
  <testcase classname="execution.executeTest" name="defaultTest" time="91.527"/>
  <system-out/>
</testsuite> <!-- execution.executeTest -->
