<?xml version="1.0" encoding="UTF-8"?>
<!-- Generated by org.testng.reporters.JUnitReportReporter -->
<testsuite hostname="Jon-PC" failures="0" tests="1" name="execution.executeTest" time="165.819" errors="0" timestamp="2022-12-11T18:37:35 PST" skipped="0">
  <testcase classname="execution.executeTest" name="defaultTest" time="165.819"/>
  <system-out/>
</testsuite> <!-- execution.executeTest -->
