<?xml version="1.0" encoding="UTF-8"?>
<!-- Generated by org.testng.reporters.JUnitReportReporter -->
<testsuite hostname="Jon-PC" failures="0" tests="1" name="com.simplilearn.mavenproject.App" time="0.915" errors="0" timestamp="2022-12-10T13:51:54 PST" skipped="0">
  <testcase classname="com.simplilearn.mavenproject.App" name="defaultTest" time="0.915"/>
  <system-out/>
</testsuite> <!-- com.simplilearn.mavenproject.App -->
